<?xml version="1.0" encoding="UTF-8"?>
<TestRun id="e7fddca0-8a5b-4843-ac03-f623bb7370e7" name="User@USER-34C25 2015-12-16 22:45:29" runUser="User-34c25\User" xmlns="http://microsoft.com/schemas/VisualStudio/TeamTest/2010">
  <TestSettings name="Локальные" id="b3e9a8e9-d6f6-4451-9368-cfa70fe68f16">
    <Description>Это - параметры по умолчанию для локального тестового запуска.</Description>
    <Deployment enabled="false" runDeploymentRoot="User_USER-34C25 2015-12-16 22_45_29">
      <DeploymentItem filename="D:\onu\ИПО\krgt\krgt\bin\Debug\krgt.exe" />
    </Deployment>
    <Execution>
      <TestTypeSpecific />
      <AgentRule name="Execution Agents">
      </AgentRule>
    </Execution>
  </TestSettings>
  <Times creation="2015-12-16T22:45:29.0100794+02:00" queuing="2015-12-16T22:45:29.1000846+02:00" start="2015-12-16T22:45:29.1270861+02:00" finish="2015-12-16T22:45:29.5671113+02:00" />
  <ResultSummary outcome="Completed">
    <Counters total="2" executed="2" passed="2" error="0" failed="0" timeout="0" aborted="0" inconclusive="0" passedButRunAborted="0" notRunnable="0" notExecuted="0" disconnected="0" warning="0" completed="0" inProgress="0" pending="0" />
  </ResultSummary>
  <TestDefinitions>
    <UnitTest name="TestMethod6" storage="d:\onu\ипо\krgt\testproject1\bin\debug\testproject1.dll" id="d11305d8-8f4f-c704-3c83-80f1146d0d52">
      <Execution id="156724af-3ba0-4508-968a-65240c316c63" />
      <TestMethod codeBase="D:/onu/ИПО/krgt/TestProject1/bin/Debug/TestProject1.DLL" adapterTypeName="Microsoft.VisualStudio.TestTools.TestTypes.Unit.UnitTestAdapter, Microsoft.VisualStudio.QualityTools.Tips.UnitTest.Adapter, Version=10.0.0.0, Culture=neutral, PublicKeyToken=b03f5f7f11d50a3a" className="TestProject1.Test2, TestProject1, Version=1.0.0.0, Culture=neutral, PublicKeyToken=null" name="TestMethod6" />
    </UnitTest>
    <UnitTest name="TestMethod7" storage="d:\onu\ипо\krgt\testproject1\bin\debug\testproject1.dll" id="c032974c-c399-20c0-5d78-a0f948c2a820">
      <Execution id="3a4efb87-5930-4562-9787-43273b26e087" />
      <TestMethod codeBase="D:/onu/ИПО/krgt/TestProject1/bin/Debug/TestProject1.DLL" adapterTypeName="Microsoft.VisualStudio.TestTools.TestTypes.Unit.UnitTestAdapter, Microsoft.VisualStudio.QualityTools.Tips.UnitTest.Adapter, Version=10.0.0.0, Culture=neutral, PublicKeyToken=b03f5f7f11d50a3a" className="TestProject1.Test2, TestProject1, Version=1.0.0.0, Culture=neutral, PublicKeyToken=null" name="TestMethod7" />
    </UnitTest>
  </TestDefinitions>
  <TestLists>
    <TestList name="Отсутствующие в списке результаты" id="8c84fa94-04c1-424b-9868-57a2d4851a1d" />
    <TestList name="Все загруженные результаты" id="19431567-8539-422a-85d7-44ee4e166bda" />
  </TestLists>
  <TestEntries>
    <TestEntry testId="c032974c-c399-20c0-5d78-a0f948c2a820" executionId="3a4efb87-5930-4562-9787-43273b26e087" testListId="8c84fa94-04c1-424b-9868-57a2d4851a1d" />
    <TestEntry testId="d11305d8-8f4f-c704-3c83-80f1146d0d52" executionId="156724af-3ba0-4508-968a-65240c316c63" testListId="8c84fa94-04c1-424b-9868-57a2d4851a1d" />
  </TestEntries>
  <Results>
    <UnitTestResult executionId="3a4efb87-5930-4562-9787-43273b26e087" testId="c032974c-c399-20c0-5d78-a0f948c2a820" testName="TestMethod7" computerName="USER-34C25" duration="00:00:00.0311292" startTime="2015-12-16T22:45:29.1440871+02:00" endTime="2015-12-16T22:45:29.5271090+02:00" testType="13cdc9d9-ddb5-4fa4-a97d-d965ccfc6d4b" outcome="Passed" testListId="8c84fa94-04c1-424b-9868-57a2d4851a1d" relativeResultsDirectory="3a4efb87-5930-4562-9787-43273b26e087">
    </UnitTestResult>
    <UnitTestResult executionId="156724af-3ba0-4508-968a-65240c316c63" testId="d11305d8-8f4f-c704-3c83-80f1146d0d52" testName="TestMethod6" computerName="USER-34C25" duration="00:00:00.0008565" startTime="2015-12-16T22:45:29.5321093+02:00" endTime="2015-12-16T22:45:29.5381097+02:00" testType="13cdc9d9-ddb5-4fa4-a97d-d965ccfc6d4b" outcome="Passed" testListId="8c84fa94-04c1-424b-9868-57a2d4851a1d" relativeResultsDirectory="156724af-3ba0-4508-968a-65240c316c63">
    </UnitTestResult>
  </Results>
</TestRun>